This is pdfTeX, Version 3.14159265-2.6-1.40.18 (TeX Live 2017/Debian) (preloaded format=pdflatex 2018.10.14)  14 NOV 2018 11:07
entering extended mode
 restricted \write18 enabled.
 %&-line parsing enabled.
**basicPredictorBuilding.tex
(./basicPredictorBuilding.tex
LaTeX2e <2017-04-15>
Babel <3.18> and hyphenation patterns for 84 language(s) loaded.
(/usr/share/texlive/texmf-dist/tex/latex/base/article.cls
Document Class: article 2014/09/29 v1.4h Standard LaTeX document class
(/usr/share/texlive/texmf-dist/tex/latex/base/size10.clo
File: size10.clo 2014/09/29 v1.4h Standard LaTeX file (size option)
)
\c@part=\count79
\c@section=\count80
\c@subsection=\count81
\c@subsubsection=\count82
\c@paragraph=\count83
\c@subparagraph=\count84
\c@figure=\count85
\c@table=\count86
\abovecaptionskip=\skip41
\belowcaptionskip=\skip42
\bibindent=\dimen102
)
(/usr/share/texlive/texmf-dist/tex/latex/graphics/graphicx.sty
Package: graphicx 2017/06/01 v1.1a Enhanced LaTeX Graphics (DPC,SPQR)

(/usr/share/texlive/texmf-dist/tex/latex/graphics/keyval.sty
Package: keyval 2014/10/28 v1.15 key=value parser (DPC)
\KV@toks@=\toks14
)
(/usr/share/texlive/texmf-dist/tex/latex/graphics/graphics.sty
Package: graphics 2017/06/25 v1.2c Standard LaTeX Graphics (DPC,SPQR)

(/usr/share/texlive/texmf-dist/tex/latex/graphics/trig.sty
Package: trig 2016/01/03 v1.10 sin cos tan (DPC)
)
(/usr/share/texlive/texmf-dist/tex/latex/graphics-cfg/graphics.cfg
File: graphics.cfg 2016/06/04 v1.11 sample graphics configuration
)
Package graphics Info: Driver file: pdftex.def on input line 99.

(/usr/share/texlive/texmf-dist/tex/latex/graphics-def/pdftex.def
File: pdftex.def 2018/01/08 v1.0l Graphics/color driver for pdftex
))
\Gin@req@height=\dimen103
\Gin@req@width=\dimen104
)
(/usr/share/texlive/texmf-dist/tex/latex/graphics/color.sty
Package: color 2016/07/10 v1.1e Standard LaTeX Color (DPC)

(/usr/share/texlive/texmf-dist/tex/latex/graphics-cfg/color.cfg
File: color.cfg 2016/01/02 v1.6 sample color configuration
)
Package color Info: Driver file: pdftex.def on input line 147.
)
(/usr/share/texlive/texmf-dist/tex/latex/framed/framed.sty
Package: framed 2011/10/22 v 0.96: framed or shaded text with page breaks
\OuterFrameSep=\skip43
\fb@frw=\dimen105
\fb@frh=\dimen106
\FrameRule=\dimen107
\FrameSep=\dimen108
)
(/usr/share/texlive/texmf-dist/tex/latex/base/alltt.sty
Package: alltt 1997/06/16 v2.0g defines alltt environment
)
(/usr/share/texlive/texmf-dist/tex/latex/base/inputenc.sty
Package: inputenc 2015/03/17 v1.2c Input encoding file
\inpenc@prehook=\toks15
\inpenc@posthook=\toks16

(/usr/share/texlive/texmf-dist/tex/latex/base/utf8.def
File: utf8.def 2017/01/28 v1.1t UTF-8 support for inputenc
Now handling font encoding OML ...
... no UTF-8 mapping file for font encoding OML
Now handling font encoding T1 ...
... processing UTF-8 mapping file for font encoding T1

(/usr/share/texlive/texmf-dist/tex/latex/base/t1enc.dfu
File: t1enc.dfu 2017/01/28 v1.1t UTF-8 support for inputenc
   defining Unicode char U+00A0 (decimal 160)
   defining Unicode char U+00A1 (decimal 161)
   defining Unicode char U+00A3 (decimal 163)
   defining Unicode char U+00AB (decimal 171)
   defining Unicode char U+00AD (decimal 173)
   defining Unicode char U+00BB (decimal 187)
   defining Unicode char U+00BF (decimal 191)
   defining Unicode char U+00C0 (decimal 192)
   defining Unicode char U+00C1 (decimal 193)
   defining Unicode char U+00C2 (decimal 194)
   defining Unicode char U+00C3 (decimal 195)
   defining Unicode char U+00C4 (decimal 196)
   defining Unicode char U+00C5 (decimal 197)
   defining Unicode char U+00C6 (decimal 198)
   defining Unicode char U+00C7 (decimal 199)
   defining Unicode char U+00C8 (decimal 200)
   defining Unicode char U+00C9 (decimal 201)
   defining Unicode char U+00CA (decimal 202)
   defining Unicode char U+00CB (decimal 203)
   defining Unicode char U+00CC (decimal 204)
   defining Unicode char U+00CD (decimal 205)
   defining Unicode char U+00CE (decimal 206)
   defining Unicode char U+00CF (decimal 207)
   defining Unicode char U+00D0 (decimal 208)
   defining Unicode char U+00D1 (decimal 209)
   defining Unicode char U+00D2 (decimal 210)
   defining Unicode char U+00D3 (decimal 211)
   defining Unicode char U+00D4 (decimal 212)
   defining Unicode char U+00D5 (decimal 213)
   defining Unicode char U+00D6 (decimal 214)
   defining Unicode char U+00D8 (decimal 216)
   defining Unicode char U+00D9 (decimal 217)
   defining Unicode char U+00DA (decimal 218)
   defining Unicode char U+00DB (decimal 219)
   defining Unicode char U+00DC (decimal 220)
   defining Unicode char U+00DD (decimal 221)
   defining Unicode char U+00DE (decimal 222)
   defining Unicode char U+00DF (decimal 223)
   defining Unicode char U+00E0 (decimal 224)
   defining Unicode char U+00E1 (decimal 225)
   defining Unicode char U+00E2 (decimal 226)
   defining Unicode char U+00E3 (decimal 227)
   defining Unicode char U+00E4 (decimal 228)
   defining Unicode char U+00E5 (decimal 229)
   defining Unicode char U+00E6 (decimal 230)
   defining Unicode char U+00E7 (decimal 231)
   defining Unicode char U+00E8 (decimal 232)
   defining Unicode char U+00E9 (decimal 233)
   defining Unicode char U+00EA (decimal 234)
   defining Unicode char U+00EB (decimal 235)
   defining Unicode char U+00EC (decimal 236)
   defining Unicode char U+00ED (decimal 237)
   defining Unicode char U+00EE (decimal 238)
   defining Unicode char U+00EF (decimal 239)
   defining Unicode char U+00F0 (decimal 240)
   defining Unicode char U+00F1 (decimal 241)
   defining Unicode char U+00F2 (decimal 242)
   defining Unicode char U+00F3 (decimal 243)
   defining Unicode char U+00F4 (decimal 244)
   defining Unicode char U+00F5 (decimal 245)
   defining Unicode char U+00F6 (decimal 246)
   defining Unicode char U+00F8 (decimal 248)
   defining Unicode char U+00F9 (decimal 249)
   defining Unicode char U+00FA (decimal 250)
   defining Unicode char U+00FB (decimal 251)
   defining Unicode char U+00FC (decimal 252)
   defining Unicode char U+00FD (decimal 253)
   defining Unicode char U+00FE (decimal 254)
   defining Unicode char U+00FF (decimal 255)
   defining Unicode char U+0100 (decimal 256)
   defining Unicode char U+0101 (decimal 257)
   defining Unicode char U+0102 (decimal 258)
   defining Unicode char U+0103 (decimal 259)
   defining Unicode char U+0104 (decimal 260)
   defining Unicode char U+0105 (decimal 261)
   defining Unicode char U+0106 (decimal 262)
   defining Unicode char U+0107 (decimal 263)
   defining Unicode char U+0108 (decimal 264)
   defining Unicode char U+0109 (decimal 265)
   defining Unicode char U+010A (decimal 266)
   defining Unicode char U+010B (decimal 267)
   defining Unicode char U+010C (decimal 268)
   defining Unicode char U+010D (decimal 269)
   defining Unicode char U+010E (decimal 270)
   defining Unicode char U+010F (decimal 271)
   defining Unicode char U+0110 (decimal 272)
   defining Unicode char U+0111 (decimal 273)
   defining Unicode char U+0112 (decimal 274)
   defining Unicode char U+0113 (decimal 275)
   defining Unicode char U+0114 (decimal 276)
   defining Unicode char U+0115 (decimal 277)
   defining Unicode char U+0116 (decimal 278)
   defining Unicode char U+0117 (decimal 279)
   defining Unicode char U+0118 (decimal 280)
   defining Unicode char U+0119 (decimal 281)
   defining Unicode char U+011A (decimal 282)
   defining Unicode char U+011B (decimal 283)
   defining Unicode char U+011C (decimal 284)
   defining Unicode char U+011D (decimal 285)
   defining Unicode char U+011E (decimal 286)
   defining Unicode char U+011F (decimal 287)
   defining Unicode char U+0120 (decimal 288)
   defining Unicode char U+0121 (decimal 289)
   defining Unicode char U+0122 (decimal 290)
   defining Unicode char U+0123 (decimal 291)
   defining Unicode char U+0124 (decimal 292)
   defining Unicode char U+0125 (decimal 293)
   defining Unicode char U+0128 (decimal 296)
   defining Unicode char U+0129 (decimal 297)
   defining Unicode char U+012A (decimal 298)
   defining Unicode char U+012B (decimal 299)
   defining Unicode char U+012C (decimal 300)
   defining Unicode char U+012D (decimal 301)
   defining Unicode char U+012E (decimal 302)
   defining Unicode char U+012F (decimal 303)
   defining Unicode char U+0130 (decimal 304)
   defining Unicode char U+0131 (decimal 305)
   defining Unicode char U+0132 (decimal 306)
   defining Unicode char U+0133 (decimal 307)
   defining Unicode char U+0134 (decimal 308)
   defining Unicode char U+0135 (decimal 309)
   defining Unicode char U+0136 (decimal 310)
   defining Unicode char U+0137 (decimal 311)
   defining Unicode char U+0139 (decimal 313)
   defining Unicode char U+013A (decimal 314)
   defining Unicode char U+013B (decimal 315)
   defining Unicode char U+013C (decimal 316)
   defining Unicode char U+013D (decimal 317)
   defining Unicode char U+013E (decimal 318)
   defining Unicode char U+0141 (decimal 321)
   defining Unicode char U+0142 (decimal 322)
   defining Unicode char U+0143 (decimal 323)
   defining Unicode char U+0144 (decimal 324)
   defining Unicode char U+0145 (decimal 325)
   defining Unicode char U+0146 (decimal 326)
   defining Unicode char U+0147 (decimal 327)
   defining Unicode char U+0148 (decimal 328)
   defining Unicode char U+014A (decimal 330)
   defining Unicode char U+014B (decimal 331)
   defining Unicode char U+014C (decimal 332)
   defining Unicode char U+014D (decimal 333)
   defining Unicode char U+014E (decimal 334)
   defining Unicode char U+014F (decimal 335)
   defining Unicode char U+0150 (decimal 336)
   defining Unicode char U+0151 (decimal 337)
   defining Unicode char U+0152 (decimal 338)
   defining Unicode char U+0153 (decimal 339)
   defining Unicode char U+0154 (decimal 340)
   defining Unicode char U+0155 (decimal 341)
   defining Unicode char U+0156 (decimal 342)
   defining Unicode char U+0157 (decimal 343)
   defining Unicode char U+0158 (decimal 344)
   defining Unicode char U+0159 (decimal 345)
   defining Unicode char U+015A (decimal 346)
   defining Unicode char U+015B (decimal 347)
   defining Unicode char U+015C (decimal 348)
   defining Unicode char U+015D (decimal 349)
   defining Unicode char U+015E (decimal 350)
   defining Unicode char U+015F (decimal 351)
   defining Unicode char U+0160 (decimal 352)
   defining Unicode char U+0161 (decimal 353)
   defining Unicode char U+0162 (decimal 354)
   defining Unicode char U+0163 (decimal 355)
   defining Unicode char U+0164 (decimal 356)
   defining Unicode char U+0165 (decimal 357)
   defining Unicode char U+0168 (decimal 360)
   defining Unicode char U+0169 (decimal 361)
   defining Unicode char U+016A (decimal 362)
   defining Unicode char U+016B (decimal 363)
   defining Unicode char U+016C (decimal 364)
   defining Unicode char U+016D (decimal 365)
   defining Unicode char U+016E (decimal 366)
   defining Unicode char U+016F (decimal 367)
   defining Unicode char U+0170 (decimal 368)
   defining Unicode char U+0171 (decimal 369)
   defining Unicode char U+0172 (decimal 370)
   defining Unicode char U+0173 (decimal 371)
   defining Unicode char U+0174 (decimal 372)
   defining Unicode char U+0175 (decimal 373)
   defining Unicode char U+0176 (decimal 374)
   defining Unicode char U+0177 (decimal 375)
   defining Unicode char U+0178 (decimal 376)
   defining Unicode char U+0179 (decimal 377)
   defining Unicode char U+017A (decimal 378)
   defining Unicode char U+017B (decimal 379)
   defining Unicode char U+017C (decimal 380)
   defining Unicode char U+017D (decimal 381)
   defining Unicode char U+017E (decimal 382)
   defining Unicode char U+01CD (decimal 461)
   defining Unicode char U+01CE (decimal 462)
   defining Unicode char U+01CF (decimal 463)
   defining Unicode char U+01D0 (decimal 464)
   defining Unicode char U+01D1 (decimal 465)
   defining Unicode char U+01D2 (decimal 466)
   defining Unicode char U+01D3 (decimal 467)
   defining Unicode char U+01D4 (decimal 468)
   defining Unicode char U+01E2 (decimal 482)
   defining Unicode char U+01E3 (decimal 483)
   defining Unicode char U+01E6 (decimal 486)
   defining Unicode char U+01E7 (decimal 487)
   defining Unicode char U+01E8 (decimal 488)
   defining Unicode char U+01E9 (decimal 489)
   defining Unicode char U+01EA (decimal 490)
   defining Unicode char U+01EB (decimal 491)
   defining Unicode char U+01F0 (decimal 496)
   defining Unicode char U+01F4 (decimal 500)
   defining Unicode char U+01F5 (decimal 501)
   defining Unicode char U+0218 (decimal 536)
   defining Unicode char U+0219 (decimal 537)
   defining Unicode char U+021A (decimal 538)
   defining Unicode char U+021B (decimal 539)
   defining Unicode char U+0232 (decimal 562)
   defining Unicode char U+0233 (decimal 563)
   defining Unicode char U+1E02 (decimal 7682)
   defining Unicode char U+1E03 (decimal 7683)
   defining Unicode char U+200C (decimal 8204)
   defining Unicode char U+2010 (decimal 8208)
   defining Unicode char U+2011 (decimal 8209)
   defining Unicode char U+2012 (decimal 8210)
   defining Unicode char U+2013 (decimal 8211)
   defining Unicode char U+2014 (decimal 8212)
   defining Unicode char U+2015 (decimal 8213)
   defining Unicode char U+2018 (decimal 8216)
   defining Unicode char U+2019 (decimal 8217)
   defining Unicode char U+201A (decimal 8218)
   defining Unicode char U+201C (decimal 8220)
   defining Unicode char U+201D (decimal 8221)
   defining Unicode char U+201E (decimal 8222)
   defining Unicode char U+2030 (decimal 8240)
   defining Unicode char U+2031 (decimal 8241)
   defining Unicode char U+2039 (decimal 8249)
   defining Unicode char U+203A (decimal 8250)
   defining Unicode char U+2423 (decimal 9251)
   defining Unicode char U+1E20 (decimal 7712)
   defining Unicode char U+1E21 (decimal 7713)
)
Now handling font encoding OT1 ...
... processing UTF-8 mapping file for font encoding OT1

(/usr/share/texlive/texmf-dist/tex/latex/base/ot1enc.dfu
File: ot1enc.dfu 2017/01/28 v1.1t UTF-8 support for inputenc
   defining Unicode char U+00A0 (decimal 160)
   defining Unicode char U+00A1 (decimal 161)
   defining Unicode char U+00A3 (decimal 163)
   defining Unicode char U+00AD (decimal 173)
   defining Unicode char U+00B8 (decimal 184)
   defining Unicode char U+00BF (decimal 191)
   defining Unicode char U+00C5 (decimal 197)
   defining Unicode char U+00C6 (decimal 198)
   defining Unicode char U+00D8 (decimal 216)
   defining Unicode char U+00DF (decimal 223)
   defining Unicode char U+00E6 (decimal 230)
   defining Unicode char U+00EC (decimal 236)
   defining Unicode char U+00ED (decimal 237)
   defining Unicode char U+00EE (decimal 238)
   defining Unicode char U+00EF (decimal 239)
   defining Unicode char U+00F8 (decimal 248)
   defining Unicode char U+0131 (decimal 305)
   defining Unicode char U+0141 (decimal 321)
   defining Unicode char U+0142 (decimal 322)
   defining Unicode char U+0152 (decimal 338)
   defining Unicode char U+0153 (decimal 339)
   defining Unicode char U+0174 (decimal 372)
   defining Unicode char U+0175 (decimal 373)
   defining Unicode char U+0176 (decimal 374)
   defining Unicode char U+0177 (decimal 375)
   defining Unicode char U+0218 (decimal 536)
   defining Unicode char U+0219 (decimal 537)
   defining Unicode char U+021A (decimal 538)
   defining Unicode char U+021B (decimal 539)
   defining Unicode char U+2013 (decimal 8211)
   defining Unicode char U+2014 (decimal 8212)
   defining Unicode char U+2018 (decimal 8216)
   defining Unicode char U+2019 (decimal 8217)
   defining Unicode char U+201C (decimal 8220)
   defining Unicode char U+201D (decimal 8221)
)
Now handling font encoding OMS ...
... processing UTF-8 mapping file for font encoding OMS

(/usr/share/texlive/texmf-dist/tex/latex/base/omsenc.dfu
File: omsenc.dfu 2017/01/28 v1.1t UTF-8 support for inputenc
   defining Unicode char U+00A7 (decimal 167)
   defining Unicode char U+00B6 (decimal 182)
   defining Unicode char U+00B7 (decimal 183)
   defining Unicode char U+2020 (decimal 8224)
   defining Unicode char U+2021 (decimal 8225)
   defining Unicode char U+2022 (decimal 8226)
)
Now handling font encoding OMX ...
... no UTF-8 mapping file for font encoding OMX
Now handling font encoding U ...
... no UTF-8 mapping file for font encoding U
   defining Unicode char U+00A9 (decimal 169)
   defining Unicode char U+00AA (decimal 170)
   defining Unicode char U+00AE (decimal 174)
   defining Unicode char U+00BA (decimal 186)
   defining Unicode char U+02C6 (decimal 710)
   defining Unicode char U+02DC (decimal 732)
   defining Unicode char U+200C (decimal 8204)
   defining Unicode char U+2026 (decimal 8230)
   defining Unicode char U+2122 (decimal 8482)
   defining Unicode char U+2423 (decimal 9251)
))
(/usr/share/texlive/texmf-dist/tex/latex/base/fontenc.sty
Package: fontenc 2017/04/05 v2.0i Standard LaTeX package

(/usr/share/texlive/texmf-dist/tex/latex/base/t1enc.def
File: t1enc.def 2017/04/05 v2.0i Standard LaTeX file
LaTeX Font Info:    Redeclaring font encoding T1 on input line 48.
))
(/usr/share/texlive/texmf-dist/tex/generic/babel/babel.sty
Package: babel 2018/02/14 3.18 The Babel package

(/usr/share/texlive/texmf-dist/tex/generic/babel/switch.def
File: switch.def 2018/02/14 3.18 Babel switching mechanism
)
(/usr/share/texlive/texmf-dist/tex/generic/babel-english/english.ldf
Language: english 2017/06/06 v3.3r English support from the babel system

(/usr/share/texlive/texmf-dist/tex/generic/babel/babel.def
File: babel.def 2018/02/14 3.18 Babel common definitions
\babel@savecnt=\count87
\U@D=\dimen109

(/usr/share/texlive/texmf-dist/tex/generic/babel/txtbabel.def)
\bbl@dirlevel=\count88
)
\l@canadian = a dialect from \language\l@american 
\l@australian = a dialect from \language\l@british 
\l@newzealand = a dialect from \language\l@british 
)
(/usr/share/texlive/texmf-dist/tex/generic/babel-spanish/spanish.ldf
Language: spanish.ldf 2016/03/03 v5.0p Spanish support from the babel system
\es@quottoks=\toks17
\es@quotdepth=\count89
Package babel Info: Making " an active character on input line 561.
Package babel Info: Making . an active character on input line 662.
Package babel Info: Making < an active character on input line 707.
Package babel Info: Making > an active character on input line 707.
))
(/usr/share/texlive/texmf-dist/tex/latex/url/url.sty
\Urlmuskip=\muskip10
Package: url 2013/09/16  ver 3.4  Verb mode for urls, etc.
)
(/usr/share/texlive/texmf-dist/tex/latex/underscore/underscore.sty
Package: underscore 2006/09/13
LaTeX Info: Redefining \_ on input line 42.
)
(/usr/share/texlive/texmf-dist/tex/latex/psnfss/times.sty
Package: times 2005/04/12 PSNFSS-v9.2a (SPQR) 
)
(/usr/share/texlive/texmf-dist/tex/latex/amsmath/amsmath.sty
Package: amsmath 2017/09/02 v2.17a AMS math features
\@mathmargin=\skip44

For additional information on amsmath, use the `?' option.
(/usr/share/texlive/texmf-dist/tex/latex/amsmath/amstext.sty
Package: amstext 2000/06/29 v2.01 AMS text

(/usr/share/texlive/texmf-dist/tex/latex/amsmath/amsgen.sty
File: amsgen.sty 1999/11/30 v2.0 generic functions
\@emptytoks=\toks18
\ex@=\dimen110
))
(/usr/share/texlive/texmf-dist/tex/latex/amsmath/amsbsy.sty
Package: amsbsy 1999/11/29 v1.2d Bold Symbols
\pmbraise@=\dimen111
)
(/usr/share/texlive/texmf-dist/tex/latex/amsmath/amsopn.sty
Package: amsopn 2016/03/08 v2.02 operator names
)
\inf@bad=\count90
LaTeX Info: Redefining \frac on input line 213.
\uproot@=\count91
\leftroot@=\count92
LaTeX Info: Redefining \overline on input line 375.
\classnum@=\count93
\DOTSCASE@=\count94
LaTeX Info: Redefining \ldots on input line 472.
LaTeX Info: Redefining \dots on input line 475.
LaTeX Info: Redefining \cdots on input line 596.
\Mathstrutbox@=\box26
\strutbox@=\box27
\big@size=\dimen112
LaTeX Font Info:    Redeclaring font encoding OML on input line 712.
LaTeX Font Info:    Redeclaring font encoding OMS on input line 713.
\macc@depth=\count95
\c@MaxMatrixCols=\count96
\dotsspace@=\muskip11
\c@parentequation=\count97
\dspbrk@lvl=\count98
\tag@help=\toks19
\row@=\count99
\column@=\count100
\maxfields@=\count101
\andhelp@=\toks20
\eqnshift@=\dimen113
\alignsep@=\dimen114
\tagshift@=\dimen115
\tagwidth@=\dimen116
\totwidth@=\dimen117
\lineht@=\dimen118
\@envbody=\toks21
\multlinegap=\skip45
\multlinetaggap=\skip46
\mathdisplay@stack=\toks22
LaTeX Info: Redefining \[ on input line 2817.
LaTeX Info: Redefining \] on input line 2818.
)
(/usr/share/texlive/texmf-dist/tex/latex/amsfonts/amssymb.sty
Package: amssymb 2013/01/14 v3.01 AMS font symbols

(/usr/share/texlive/texmf-dist/tex/latex/amsfonts/amsfonts.sty
Package: amsfonts 2013/01/14 v3.01 Basic AMSFonts support
\symAMSa=\mathgroup4
\symAMSb=\mathgroup5
LaTeX Font Info:    Overwriting math alphabet `\mathfrak' in version `bold'
(Font)                  U/euf/m/n --> U/euf/b/n on input line 106.
))
(/usr/share/texlive/texmf-dist/tex/latex/base/textcomp.sty
Package: textcomp 2017/04/05 v2.0i Standard LaTeX package
Package textcomp Info: Sub-encoding information:
(textcomp)               5 = only ISO-Adobe without \textcurrency
(textcomp)               4 = 5 + \texteuro
(textcomp)               3 = 4 + \textohm
(textcomp)               2 = 3 + \textestimated + \textcurrency
(textcomp)               1 = TS1 - \textcircled - \t
(textcomp)               0 = TS1 (full)
(textcomp)             Font families with sub-encoding setting implement
(textcomp)             only a restricted character set as indicated.
(textcomp)             Family '?' is the default used for unknown fonts.
(textcomp)             See the documentation for details.
Package textcomp Info: Setting ? sub-encoding to TS1/1 on input line 79.

(/usr/share/texlive/texmf-dist/tex/latex/base/ts1enc.def
File: ts1enc.def 2001/06/05 v3.0e (jk/car/fm) Standard LaTeX file
Now handling font encoding TS1 ...
... processing UTF-8 mapping file for font encoding TS1

(/usr/share/texlive/texmf-dist/tex/latex/base/ts1enc.dfu
File: ts1enc.dfu 2017/01/28 v1.1t UTF-8 support for inputenc
   defining Unicode char U+00A2 (decimal 162)
   defining Unicode char U+00A3 (decimal 163)
   defining Unicode char U+00A4 (decimal 164)
   defining Unicode char U+00A5 (decimal 165)
   defining Unicode char U+00A6 (decimal 166)
   defining Unicode char U+00A7 (decimal 167)
   defining Unicode char U+00A8 (decimal 168)
   defining Unicode char U+00A9 (decimal 169)
   defining Unicode char U+00AA (decimal 170)
   defining Unicode char U+00AC (decimal 172)
   defining Unicode char U+00AE (decimal 174)
   defining Unicode char U+00AF (decimal 175)
   defining Unicode char U+00B0 (decimal 176)
   defining Unicode char U+00B1 (decimal 177)
   defining Unicode char U+00B2 (decimal 178)
   defining Unicode char U+00B3 (decimal 179)
   defining Unicode char U+00B4 (decimal 180)
   defining Unicode char U+00B5 (decimal 181)
   defining Unicode char U+00B6 (decimal 182)
   defining Unicode char U+00B7 (decimal 183)
   defining Unicode char U+00B9 (decimal 185)
   defining Unicode char U+00BA (decimal 186)
   defining Unicode char U+00BC (decimal 188)
   defining Unicode char U+00BD (decimal 189)
   defining Unicode char U+00BE (decimal 190)
   defining Unicode char U+00D7 (decimal 215)
   defining Unicode char U+00F7 (decimal 247)
   defining Unicode char U+0192 (decimal 402)
   defining Unicode char U+02C7 (decimal 711)
   defining Unicode char U+02D8 (decimal 728)
   defining Unicode char U+02DD (decimal 733)
   defining Unicode char U+0E3F (decimal 3647)
   defining Unicode char U+2016 (decimal 8214)
   defining Unicode char U+2020 (decimal 8224)
   defining Unicode char U+2021 (decimal 8225)
   defining Unicode char U+2022 (decimal 8226)
   defining Unicode char U+2030 (decimal 8240)
   defining Unicode char U+2031 (decimal 8241)
   defining Unicode char U+203B (decimal 8251)
   defining Unicode char U+203D (decimal 8253)
   defining Unicode char U+2044 (decimal 8260)
   defining Unicode char U+204E (decimal 8270)
   defining Unicode char U+2052 (decimal 8274)
   defining Unicode char U+20A1 (decimal 8353)
   defining Unicode char U+20A4 (decimal 8356)
   defining Unicode char U+20A6 (decimal 8358)
   defining Unicode char U+20A9 (decimal 8361)
   defining Unicode char U+20AB (decimal 8363)
   defining Unicode char U+20AC (decimal 8364)
   defining Unicode char U+20B1 (decimal 8369)
   defining Unicode char U+2103 (decimal 8451)
   defining Unicode char U+2116 (decimal 8470)
   defining Unicode char U+2117 (decimal 8471)
   defining Unicode char U+211E (decimal 8478)
   defining Unicode char U+2120 (decimal 8480)
   defining Unicode char U+2122 (decimal 8482)
   defining Unicode char U+2126 (decimal 8486)
   defining Unicode char U+2127 (decimal 8487)
   defining Unicode char U+212E (decimal 8494)
   defining Unicode char U+2190 (decimal 8592)
   defining Unicode char U+2191 (decimal 8593)
   defining Unicode char U+2192 (decimal 8594)
   defining Unicode char U+2193 (decimal 8595)
   defining Unicode char U+2329 (decimal 9001)
   defining Unicode char U+232A (decimal 9002)
   defining Unicode char U+2422 (decimal 9250)
   defining Unicode char U+25E6 (decimal 9702)
   defining Unicode char U+25EF (decimal 9711)
   defining Unicode char U+266A (decimal 9834)
))
LaTeX Info: Redefining \oldstylenums on input line 334.
Package textcomp Info: Setting cmr sub-encoding to TS1/0 on input line 349.
Package textcomp Info: Setting cmss sub-encoding to TS1/0 on input line 350.
Package textcomp Info: Setting cmtt sub-encoding to TS1/0 on input line 351.
Package textcomp Info: Setting cmvtt sub-encoding to TS1/0 on input line 352.
Package textcomp Info: Setting cmbr sub-encoding to TS1/0 on input line 353.
Package textcomp Info: Setting cmtl sub-encoding to TS1/0 on input line 354.
Package textcomp Info: Setting ccr sub-encoding to TS1/0 on input line 355.
Package textcomp Info: Setting ptm sub-encoding to TS1/4 on input line 356.
Package textcomp Info: Setting pcr sub-encoding to TS1/4 on input line 357.
Package textcomp Info: Setting phv sub-encoding to TS1/4 on input line 358.
Package textcomp Info: Setting ppl sub-encoding to TS1/3 on input line 359.
Package textcomp Info: Setting pag sub-encoding to TS1/4 on input line 360.
Package textcomp Info: Setting pbk sub-encoding to TS1/4 on input line 361.
Package textcomp Info: Setting pnc sub-encoding to TS1/4 on input line 362.
Package textcomp Info: Setting pzc sub-encoding to TS1/4 on input line 363.
Package textcomp Info: Setting bch sub-encoding to TS1/4 on input line 364.
Package textcomp Info: Setting put sub-encoding to TS1/5 on input line 365.
Package textcomp Info: Setting uag sub-encoding to TS1/5 on input line 366.
Package textcomp Info: Setting ugq sub-encoding to TS1/5 on input line 367.
Package textcomp Info: Setting ul8 sub-encoding to TS1/4 on input line 368.
Package textcomp Info: Setting ul9 sub-encoding to TS1/4 on input line 369.
Package textcomp Info: Setting augie sub-encoding to TS1/5 on input line 370.
Package textcomp Info: Setting dayrom sub-encoding to TS1/3 on input line 371.
Package textcomp Info: Setting dayroms sub-encoding to TS1/3 on input line 372.

Package textcomp Info: Setting pxr sub-encoding to TS1/0 on input line 373.
Package textcomp Info: Setting pxss sub-encoding to TS1/0 on input line 374.
Package textcomp Info: Setting pxtt sub-encoding to TS1/0 on input line 375.
Package textcomp Info: Setting txr sub-encoding to TS1/0 on input line 376.
Package textcomp Info: Setting txss sub-encoding to TS1/0 on input line 377.
Package textcomp Info: Setting txtt sub-encoding to TS1/0 on input line 378.
Package textcomp Info: Setting lmr sub-encoding to TS1/0 on input line 379.
Package textcomp Info: Setting lmdh sub-encoding to TS1/0 on input line 380.
Package textcomp Info: Setting lmss sub-encoding to TS1/0 on input line 381.
Package textcomp Info: Setting lmssq sub-encoding to TS1/0 on input line 382.
Package textcomp Info: Setting lmvtt sub-encoding to TS1/0 on input line 383.
Package textcomp Info: Setting lmtt sub-encoding to TS1/0 on input line 384.
Package textcomp Info: Setting qhv sub-encoding to TS1/0 on input line 385.
Package textcomp Info: Setting qag sub-encoding to TS1/0 on input line 386.
Package textcomp Info: Setting qbk sub-encoding to TS1/0 on input line 387.
Package textcomp Info: Setting qcr sub-encoding to TS1/0 on input line 388.
Package textcomp Info: Setting qcs sub-encoding to TS1/0 on input line 389.
Package textcomp Info: Setting qpl sub-encoding to TS1/0 on input line 390.
Package textcomp Info: Setting qtm sub-encoding to TS1/0 on input line 391.
Package textcomp Info: Setting qzc sub-encoding to TS1/0 on input line 392.
Package textcomp Info: Setting qhvc sub-encoding to TS1/0 on input line 393.
Package textcomp Info: Setting futs sub-encoding to TS1/4 on input line 394.
Package textcomp Info: Setting futx sub-encoding to TS1/4 on input line 395.
Package textcomp Info: Setting futj sub-encoding to TS1/4 on input line 396.
Package textcomp Info: Setting hlh sub-encoding to TS1/3 on input line 397.
Package textcomp Info: Setting hls sub-encoding to TS1/3 on input line 398.
Package textcomp Info: Setting hlst sub-encoding to TS1/3 on input line 399.
Package textcomp Info: Setting hlct sub-encoding to TS1/5 on input line 400.
Package textcomp Info: Setting hlx sub-encoding to TS1/5 on input line 401.
Package textcomp Info: Setting hlce sub-encoding to TS1/5 on input line 402.
Package textcomp Info: Setting hlcn sub-encoding to TS1/5 on input line 403.
Package textcomp Info: Setting hlcw sub-encoding to TS1/5 on input line 404.
Package textcomp Info: Setting hlcf sub-encoding to TS1/5 on input line 405.
Package textcomp Info: Setting pplx sub-encoding to TS1/3 on input line 406.
Package textcomp Info: Setting pplj sub-encoding to TS1/3 on input line 407.
Package textcomp Info: Setting ptmx sub-encoding to TS1/4 on input line 408.
Package textcomp Info: Setting ptmj sub-encoding to TS1/4 on input line 409.
)
(/usr/share/texlive/texmf-dist/tex/latex/tools/array.sty
Package: array 2016/10/06 v2.4d Tabular extension package (FMi)
\col@sep=\dimen119
\extrarowheight=\dimen120
\NC@list=\toks23
\extratabsurround=\skip47
\backup@length=\skip48
)
(/usr/share/texlive/texmf-dist/tex/latex/tools/hhline.sty
Package: hhline 2014/10/28 v2.03 Table rule package (DPC)
)
(/usr/share/texlive/texmf-dist/tex/latex/upquote/upquote.sty
Package: upquote 2012/04/19 v1.3 upright-quote and grave-accent glyphs in verba
tim
)
(./basicPredictorBuilding.aux
LaTeX Info: Redefining \. on input line 10.
LaTeX Info: Redefining \% on input line 10.
)
\openout1 = `basicPredictorBuilding.aux'.

LaTeX Font Info:    Checking defaults for OML/cmm/m/it on input line 114.
LaTeX Font Info:    ... okay on input line 114.
LaTeX Font Info:    Checking defaults for T1/cmr/m/n on input line 114.
LaTeX Font Info:    ... okay on input line 114.
LaTeX Font Info:    Checking defaults for OT1/cmr/m/n on input line 114.
LaTeX Font Info:    ... okay on input line 114.
LaTeX Font Info:    Checking defaults for OMS/cmsy/m/n on input line 114.
LaTeX Font Info:    ... okay on input line 114.
LaTeX Font Info:    Checking defaults for OMX/cmex/m/n on input line 114.
LaTeX Font Info:    ... okay on input line 114.
LaTeX Font Info:    Checking defaults for U/cmr/m/n on input line 114.
LaTeX Font Info:    ... okay on input line 114.
LaTeX Font Info:    Checking defaults for TS1/cmr/m/n on input line 114.
LaTeX Font Info:    Try loading font information for TS1+cmr on input line 114.


(/usr/share/texlive/texmf-dist/tex/latex/base/ts1cmr.fd
File: ts1cmr.fd 2014/09/29 v2.5h Standard LaTeX font definitions
)
LaTeX Font Info:    ... okay on input line 114.
LaTeX Font Info:    Try loading font information for T1+ptm on input line 114.

(/usr/share/texlive/texmf-dist/tex/latex/psnfss/t1ptm.fd
File: t1ptm.fd 2001/06/04 font definitions for T1/ptm.
)
(/usr/share/texlive/texmf-dist/tex/context/base/mkii/supp-pdf.mkii
[Loading MPS to PDF converter (version 2006.09.02).]
\scratchcounter=\count102
\scratchdimen=\dimen121
\scratchbox=\box28
\nofMPsegments=\count103
\nofMParguments=\count104
\everyMPshowfont=\toks24
\MPscratchCnt=\count105
\MPscratchDim=\dimen122
\MPnumerator=\count106
\makeMPintoPDFobject=\count107
\everyMPtoPDFconversion=\toks25
) (/usr/share/texlive/texmf-dist/tex/latex/oberdiek/epstopdf-base.sty
Package: epstopdf-base 2016/05/15 v2.6 Base part for package epstopdf

(/usr/share/texlive/texmf-dist/tex/generic/oberdiek/infwarerr.sty
Package: infwarerr 2016/05/16 v1.4 Providing info/warning/error messages (HO)
)
(/usr/share/texlive/texmf-dist/tex/latex/oberdiek/grfext.sty
Package: grfext 2016/05/16 v1.2 Manage graphics extensions (HO)

(/usr/share/texlive/texmf-dist/tex/generic/oberdiek/kvdefinekeys.sty
Package: kvdefinekeys 2016/05/16 v1.4 Define keys (HO)

(/usr/share/texlive/texmf-dist/tex/generic/oberdiek/ltxcmds.sty
Package: ltxcmds 2016/05/16 v1.23 LaTeX kernel commands for general use (HO)
)))
(/usr/share/texlive/texmf-dist/tex/latex/oberdiek/kvoptions.sty
Package: kvoptions 2016/05/16 v3.12 Key value format for package options (HO)

(/usr/share/texlive/texmf-dist/tex/generic/oberdiek/kvsetkeys.sty
Package: kvsetkeys 2016/05/16 v1.17 Key value parser (HO)

(/usr/share/texlive/texmf-dist/tex/generic/oberdiek/etexcmds.sty
Package: etexcmds 2016/05/16 v1.6 Avoid name clashes with e-TeX commands (HO)

(/usr/share/texlive/texmf-dist/tex/generic/oberdiek/ifluatex.sty
Package: ifluatex 2016/05/16 v1.4 Provides the ifluatex switch (HO)
Package ifluatex Info: LuaTeX not detected.
)
Package etexcmds Info: Could not find \expanded.
(etexcmds)             That can mean that you are not using pdfTeX 1.50 or
(etexcmds)             that some package has redefined \expanded.
(etexcmds)             In the latter case, load this package earlier.
)))
(/usr/share/texlive/texmf-dist/tex/generic/oberdiek/pdftexcmds.sty
Package: pdftexcmds 2018/01/21 v0.26 Utility functions of pdfTeX for LuaTeX (HO
)

(/usr/share/texlive/texmf-dist/tex/generic/oberdiek/ifpdf.sty
Package: ifpdf 2017/03/15 v3.2 Provides the ifpdf switch
)
Package pdftexcmds Info: LuaTeX not detected.
Package pdftexcmds Info: \pdf@primitive is available.
Package pdftexcmds Info: \pdf@ifprimitive is available.
Package pdftexcmds Info: \pdfdraftmode found.
)
Package epstopdf-base Info: Redefining graphics rule for `.eps' on input line 4
38.
Package grfext Info: Graphics extension search list:
(grfext)             [.pdf,.png,.jpg,.mps,.jpeg,.jbig2,.jb2,.PDF,.PNG,.JPG,.JPE
G,.JBIG2,.JB2,.eps]
(grfext)             \AppendGraphicsExtensions on input line 456.

(/usr/share/texlive/texmf-dist/tex/latex/latexconfig/epstopdf-sys.cfg
File: epstopdf-sys.cfg 2010/07/13 v1.3 Configuration of (r)epstopdf for TeX Liv
e
))
LaTeX Info: Redefining \. on input line 114.
LaTeX Info: Redefining \% on input line 114.
LaTeX Font Info:    Font shape `T1/ptm/bx/n' in size <17.28> not available
(Font)              Font shape `T1/ptm/b/n' tried instead on input line 116.
LaTeX Font Info:    Try loading font information for U+msa on input line 116.

(/usr/share/texlive/texmf-dist/tex/latex/amsfonts/umsa.fd
File: umsa.fd 2013/01/14 v3.01 AMS symbols A
)
LaTeX Font Info:    Try loading font information for U+msb on input line 116.

(/usr/share/texlive/texmf-dist/tex/latex/amsfonts/umsb.fd
File: umsb.fd 2013/01/14 v3.01 AMS symbols B
)
LaTeX Font Info:    Font shape `T1/ptm/bx/n' in size <14.4> not available
(Font)              Font shape `T1/ptm/b/n' tried instead on input line 118.

(./basicPredictorBuilding.toc
LaTeX Info: Redefining \. on input line 1.
LaTeX Info: Redefining \% on input line 1.
LaTeX Font Info:    Font shape `T1/ptm/bx/n' in size <10> not available
(Font)              Font shape `T1/ptm/b/n' tried instead on input line 2.
)
\tf@toc=\write3
\openout3 = `basicPredictorBuilding.toc'.

<images/biomarkerDiscoveryWorkflow.jpg, id=1, 417.56pt x 690.58pt>
File: images/biomarkerDiscoveryWorkflow.jpg Graphic file (type jpg)
<use images/biomarkerDiscoveryWorkflow.jpg>
Package pdftex.def Info: images/biomarkerDiscoveryWorkflow.jpg  used on input l
ine 136.
(pdftex.def)             Requested size: 241.49895pt x 399.40918pt.
<images/biomarkerValidationScheme.jpg, id=2, 643.40375pt x 775.89874pt>
File: images/biomarkerValidationScheme.jpg Graphic file (type jpg)
<use images/biomarkerValidationScheme.jpg>
Package pdftex.def Info: images/biomarkerValidationScheme.jpg  used on input li
ne 142.
(pdftex.def)             Requested size: 241.49895pt x 291.23361pt.
LaTeX Font Info:    Font shape `T1/ptm/bx/n' in size <12> not available
(Font)              Font shape `T1/ptm/b/n' tried instead on input line 146.
LaTeX Font Info:    Try loading font information for T1+pcr on input line 149.

(/usr/share/texlive/texmf-dist/tex/latex/psnfss/t1pcr.fd
File: t1pcr.fd 2001/06/04 font definitions for T1/pcr.
) [1

{/var/lib/texmf/fonts/map/pdftex/updmap/pdftex.map}] [2 <./images/biomarkerDisc
overyWorkflow.jpg>] [3 <./images/biomarkerValidationScheme.jpg>]
Package color Info: Redefining color shadecolor on input line 158.
LaTeX Font Info:    Font shape `T1/pcr/m/it' in size <10> not available
(Font)              Font shape `T1/pcr/m/sl' tried instead on input line 161.

Overfull \hbox (15.0pt too wide) in paragraph at lines 187--188
[]\T1/pcr/m/sl/10 ## The following objects are masked from 'package:parallel': 

 []


Overfull \hbox (27.0pt too wide) in paragraph at lines 187--188
\T1/pcr/m/sl/10 ##    clusterApply, clusterApplyLB, clusterCall, clusterEvalQ, 

 []


Overfull \hbox (39.0pt too wide) in paragraph at lines 187--188
\T1/pcr/m/sl/10 ##    clusterExport, clusterMap, parApply, parCapply, parLapply
, 
 []


Overfull \hbox (27.0pt too wide) in paragraph at lines 189--190
[]\T1/pcr/m/sl/10 ## The following object is masked from 'package:randomForest'
: 
 []


Overfull \hbox (3.0pt too wide) in paragraph at lines 191--192
[]\T1/pcr/m/sl/10 ## The following objects are masked from 'package:Matrix': 
 []


Overfull \hbox (15.0pt too wide) in paragraph at lines 195--196
\T1/pcr/m/sl/10 ##    anyDuplicated, append, as.data.frame, basename, cbind,
 []


Overfull \hbox (15.0pt too wide) in paragraph at lines 195--196
\T1/pcr/m/sl/10 ##    colnames, colSums, dirname, do.call, duplicated, eval,
 []


Overfull \hbox (21.0pt too wide) in paragraph at lines 195--196
\T1/pcr/m/sl/10 ##    Filter, Find, get, grep, grepl, intersect, is.unsorted,
 []


Overfull \hbox (15.0pt too wide) in paragraph at lines 195--196
\T1/pcr/m/sl/10 ##    lengths, Map, mapply, match, mget, order, paste, pmax,
 []


Overfull \hbox (27.0pt too wide) in paragraph at lines 195--196
\T1/pcr/m/sl/10 ##    pmin, pmin.int, Position, rank, rbind, Reduce, rowMeans,
 []


Overfull \hbox (9.0pt too wide) in paragraph at lines 195--196
\T1/pcr/m/sl/10 ##    rowSums, sapply, setdiff, sort, table, tapply, union,
 []


Overfull \hbox (63.0pt too wide) in paragraph at lines 197--198
\T1/pcr/m/sl/10 ##    'citation("Biobase")', and for packages 'citation("pkgnam
e")'.[] 
 []

[4]
Overfull \hbox (20.07802pt too wide) in paragraph at lines 216--218
[]\T1/ptm/m/n/10 Generate a gi-ven num-ber of eva-lua-tion da-ta-sets (using \T
1/pcr/m/n/10 GenerateLearningsets\T1/ptm/m/n/10 (. 
 []

[5]
LaTeX Font Info:    Font shape `T1/ptm/bx/n' in size <8> not available
(Font)              Font shape `T1/ptm/b/n' tried instead on input line 258.
Package color Info: Redefining color shadecolor on input line 266.
LaTeX Font Info:    Font shape `T1/pcr/bx/n' in size <10> not available
(Font)              Font shape `T1/pcr/b/n' tried instead on input line 268.
 [6]
Package color Info: Redefining color shadecolor on input line 302.
 [7]
Package color Info: Redefining color shadecolor on input line 338.
LaTeX Font Info:    Try loading font information for TS1+pcr on input line 340.

 (/usr/share/texlive/texmf-dist/tex/latex/psnfss/ts1pcr.fd
File: ts1pcr.fd 2001/06/04 font definitions for TS1/pcr.
)
LaTeX Font Info:    Font shape `TS1/pcr/m/it' in size <10> not available
(Font)              Font shape `TS1/pcr/m/sl' tried instead on input line 340.

Overfull \hbox (243.0pt too wide) in paragraph at lines 340--340
[][]\T1/pcr/m/sl/10 #### NOTA: AL FER EL CÀLCUL DEFINITIU CONVE AUGMENTAR EL NO
MBRE D\TS1/pcr/m/sl/10 '\T1/pcr/m/sl/10 ITERACIONS. (per exemple a 1000)[][] 
 []

Package color Info: Redefining color shadecolor on input line 367.

Overfull \hbox (75.5pt too wide) in paragraph at lines 369--369
[][]\T1/pcr/m/n/10 selMethodNames[] []<-[] []\T1/pcr/b/n/10 c[][]\T1/pcr/m/n/10
 ([][]"f.test"[][],[] []"rf"[][])[] []\T1/pcr/m/sl/10 # , "lasso") # VALID FOR 
TWO GRUPS[][] 
 []


Overfull \hbox (57.5pt too wide) in paragraph at lines 370--370
[][]\T1/pcr/m/n/10 selScheme[] []<-[] []"pairwise"[]                       []\T
1/pcr/m/sl/10 # VALID FOR TWO GRUPS[][] 
 []


Overfull \hbox (135.5pt too wide) in paragraph at lines 372--372
[][]\T1/pcr/m/sl/10 # selMethodNames <- c("f.test", "rf")            # VALID FO
R MORE-THAN-TWO GRUPS[][] 
 []


Overfull \hbox (135.5pt too wide) in paragraph at lines 373--373
[][]\T1/pcr/m/sl/10 # schemeName <- "multiclass"                     # VALID FO
R MORE-THAN-TWO GRUPS[][] 
 []

Package color Info: Redefining color shadecolor on input line 380.
[8]
Overfull \hbox (39.0pt too wide) in paragraph at lines 387--387
[]                               []\T1/pcr/m/n/10 learningsets[] []= learningSe
ts[[i]],[][] 
 []


Overfull \hbox (3.0pt too wide) in paragraph at lines 388--388
[]                               []\T1/pcr/m/n/10 method[] []= selMethodNames[j
],[][] 
 []


Overfull \hbox (51.0pt too wide) in paragraph at lines 390--390
[]    []\T1/pcr/m/n/10 itemName[][]<-[] []\T1/pcr/b/n/10 paste[][]\T1/pcr/m/n/1
0 (learnSetNames[i], selMethodNames[j],[] []sep[][]=[][]"."[][])[][] 
 []


Overfull \hbox (3.0pt too wide) in paragraph at lines 395--395
[]                               []\T1/pcr/m/n/10 numIter,[][]"iter.Rda"[][],[]
 []sep[][]=[][]""[][])[][] 
 []


Overfull \hbox (39.0pt too wide) in paragraph at lines 396--396
[][]\T1/pcr/b/n/10 save[][]\T1/pcr/m/n/10 (geneSels,[] []file[][]=[][]\T1/pcr/b
/n/10 file.path[][]\T1/pcr/m/n/10 (resultsDir,selectedGenesFileName))[][] 
 []

Package color Info: Redefining color shadecolor on input line 402.

Overfull \hbox (39.0pt too wide) in paragraph at lines 538--538
[]\T1/pcr/m/n/10 ## [1] "fiveFold.f.test.index"      "fiveFold.f.test.importanc
e"[] 
 []


Overfull \hbox (15.0pt too wide) in paragraph at lines 538--538
[]\T1/pcr/m/n/10 ## [3] "fiveFold.rf.index"          "fiveFold.rf.importance"[]
 
 []


Overfull \hbox (15.0pt too wide) in paragraph at lines 538--538
[]\T1/pcr/m/n/10 ## [5] "MCCV.f.test.index"          "MCCV.f.test.importance"[]
 
 []


Overfull \hbox (147.0pt too wide) in paragraph at lines 551--551
[]\T1/pcr/m/n/10 ##  129  187  229  246  509  545  910 1003 1055 1074 1093 1194
 1207 1319 1327 1389[] 
 []


Overfull \hbox (147.0pt too wide) in paragraph at lines 551--551
[]\T1/pcr/m/n/10 ##    2    2    2    2    2    2    2    2    1    2    1    2
    2    2    1    2[] 
 []


Overfull \hbox (147.0pt too wide) in paragraph at lines 563--563
[]\T1/pcr/m/n/10 ##  187  229  246  338  372  373  509  545  554  566  747  910
  982 1003 1074 1110[] 
 []


Overfull \hbox (147.0pt too wide) in paragraph at lines 563--563
[]\T1/pcr/m/n/10 ##    2    2    2    1    1    1    2    1    1    1    1    2
    1    2    1    1[] 
 []


Overfull \hbox (147.0pt too wide) in paragraph at lines 563--563
[]\T1/pcr/m/n/10 ## 1158 1194 1207 1319 1389 1645 1723 1799 1822 1888 1911 1924
 1954 1955 1980 1994[] 
 []


Overfull \hbox (147.0pt too wide) in paragraph at lines 563--563
[]\T1/pcr/m/n/10 ##    1    2    1    2    2    1    1    2    1    1    1    1
    2    2    1    1[] 
 []


Overfull \hbox (147.0pt too wide) in paragraph at lines 575--575
[]\T1/pcr/m/n/10 ##  129  187  229  246  338  372  373  509  545  554  566  747
  910  982 1003 1055[] 
 []


Overfull \hbox (147.0pt too wide) in paragraph at lines 575--575
[]\T1/pcr/m/n/10 ##    2    4    4    4    1    1    1    4    3    1    1    1
    4    1    4    1[] 
 []


Overfull \hbox (147.0pt too wide) in paragraph at lines 575--575
[]\T1/pcr/m/n/10 ## 1074 1093 1110 1158 1194 1207 1319 1327 1389 1645 1723 1799
 1822 1888 1911 1924[] 
 []


Overfull \hbox (147.0pt too wide) in paragraph at lines 575--575
[]\T1/pcr/m/n/10 ##    3    1    1    1    4    3    4    1    4    3    3    4
    1    3    3    2[] 
 []


Overfull \hbox (21.0pt too wide) in paragraph at lines 583--583
[]\T1/pcr/b/n/10 ## Error in eval(expr, envir, enclos): object 'timesSelected'
 []


Overfull \hbox (117.0pt too wide) in paragraph at lines 585--585
[][]\T1/pcr/m/n/10 biomarkersFileName[] []<-[] []\T1/pcr/b/n/10 paste[][]\T1/pc
r/m/n/10 ([][]"candidate.biomarkers"[][], numIter,[] []"text"[][],[] []sep[][]=
[][]"."[][])[][] 
 []


Overfull \hbox (9.0pt too wide) in paragraph at lines 587--587
[]            []\T1/pcr/m/n/10 file[][]=[][]\T1/pcr/b/n/10 file.path[][]\T1/pcr
/m/n/10 (resultsDir, biomarkersFileName),[][] 
 []

[9]
Underfull \vbox (badness 10000) detected at line 590
 []


Underfull \vbox (badness 10000) detected at line 590
 []

[10]
Underfull \vbox (badness 10000) detected at line 590
 []


Underfull \vbox (badness 10000) detected at line 590
 []

[11] [12]
Package color Info: Redefining color shadecolor on input line 606.

Overfull \hbox (123.0pt too wide) in paragraph at lines 609--609
[][]\T1/pcr/m/sl/10 # load(file=file.path(resultsDir, selectedGenesFileName)) N
O CAL: Es recalcula[][] 
 []


Overfull \hbox (81.0pt too wide) in paragraph at lines 611--611
[][]\T1/pcr/m/n/10 classifierNames[] []<-[] []\T1/pcr/b/n/10 c[][]\T1/pcr/m/n/1
0 ([][]"dldaCMA"[][],[] []"knnCMA"[][],[] []"rfCMA"[][],[] []"scdaCMA"[][],[] [
]"svmCMA"[][])[][] 
 []


Overfull \hbox (51.0pt too wide) in paragraph at lines 623--623
[]                                 []\T1/pcr/m/n/10 learningsets[] []= learning
Sets[[i]],[][] 
 []


Overfull \hbox (15.0pt too wide) in paragraph at lines 624--624
[]                                 []\T1/pcr/m/n/10 method[] []= selMethodNames
[j])[][] 
 []


Overfull \hbox (117.12pt too wide) in paragraph at lines 625--625
[]      []\T1/pcr/b/n/10 for[] []\T1/pcr/m/n/10 (numGenes[] []\T1/pcr/b/n/10 in
[] []\T1/pcr/m/n/10 numGenes2Sel){[] []\T1/pcr/m/sl/10 # Opcional : Un altre ni
vell d\TS1/pcr/m/sl/10 '\T1/pcr/m/sl/10 iteració[][] 
 []


Overfull \hbox (27.0pt too wide) in paragraph at lines 627--627
[]          []\T1/pcr/m/n/10 myClassifier[] []<-[] []\T1/pcr/b/n/10 eval[][]\T1
/pcr/m/n/10 ([][]\T1/pcr/b/n/10 parse[][]\T1/pcr/m/n/10 ([][]text[][]=classifie
rNames[k]))[][] 
 []


Overfull \hbox (45.0pt too wide) in paragraph at lines 630--630
[]                                 []\T1/pcr/m/n/10 learningsets[][]= learningS
ets[[i]],[][] 
 []


Overfull \hbox (57.0pt too wide) in paragraph at lines 631--631
[]                                 []\T1/pcr/m/n/10 genesel[][]=selected,[] []n
bgene[][]=numGenes,[][] 
 []


Overfull \hbox (87.0pt too wide) in paragraph at lines 632--632
[]                                []\T1/pcr/m/n/10 classifier[] []=myClassifier
,[]  []grids[][]=[][]\T1/pcr/b/n/10 list[][]\T1/pcr/m/n/10 ())[][] 
 []


Overfull \hbox (3.0pt too wide) in paragraph at lines 633--633
[]               []\T1/pcr/m/n/10 classif[] []<-[] []\T1/pcr/b/n/10 classificat
ion[][]\T1/pcr/m/n/10 ([][]X[] []= nabX,[] []y[][]=nabY,[][] 
 []


Overfull \hbox (99.0pt too wide) in paragraph at lines 634--634
[]                                         []\T1/pcr/m/n/10 learningsets[] []= 
learningSets[[i]],[][] 
 []


Overfull \hbox (105.0pt too wide) in paragraph at lines 635--635
[]                                         []\T1/pcr/m/n/10 genesel[][]=selecte
d,[] []nbgene[][]=numGenes,[][] 
 []


Overfull \hbox (45.0pt too wide) in paragraph at lines 636--636
[]                                         []\T1/pcr/m/n/10 classifier[][]=myCl
assifier,[][] 
 []


Overfull \hbox (3.0pt too wide) in paragraph at lines 637--637
[]                                         []\T1/pcr/m/n/10 tuneres[][]=tuneVal
s)[][] 
 []


Overfull \hbox (3.0pt too wide) in paragraph at lines 639--639
[]               []\T1/pcr/m/n/10 classif[] []<-[] []\T1/pcr/b/n/10 classificat
ion[][]\T1/pcr/m/n/10 ([][]X[] []= nabX,[] []y[][]=nabY,[][] 
 []


Overfull \hbox (99.0pt too wide) in paragraph at lines 640--640
[]                                         []\T1/pcr/m/n/10 learningsets[] []= 
learningSets[[i]],[][] 
 []


Overfull \hbox (105.0pt too wide) in paragraph at lines 641--641
[]                                         []\T1/pcr/m/n/10 genesel[][]=selecte
d,[] []nbgene[][]=numGenes,[][] 
 []


Overfull \hbox (45.0pt too wide) in paragraph at lines 642--642
[]                                         []\T1/pcr/m/n/10 classifier[][]=myCl
assifier)[][] 
 []


Overfull \hbox (33.0pt too wide) in paragraph at lines 644--644
[]          []\T1/pcr/m/n/10 itemName[][]<-[] []\T1/pcr/b/n/10 paste[][]\T1/pcr
/m/n/10 (learnSetNames[i], selMethodNames[j],[][] 
 []


Overfull \hbox (45.0pt too wide) in paragraph at lines 645--645
[]                           []\T1/pcr/m/n/10 numGenes, classifierNames[k],[] [
]sep[][]=[][]"."[][])[][] 
 []


Overfull \hbox (9.0pt too wide) in paragraph at lines 655--656
[]\T1/pcr/m/n/10 ## Warning in tune(X, y = as.numeric(y) - 1, learningsets =
 []


Overfull \hbox (57.0pt too wide) in paragraph at lines 655--656
\T1/pcr/m/n/10 learningsets, genesel = genesel, : Combination of feature select
ion
 []


Overfull \hbox (15.0pt too wide) in paragraph at lines 655--656
\T1/pcr/m/n/10 ##                is subject to pessimistic bias and will be
 []


Overfull \hbox (9.0pt too wide) in paragraph at lines 657--658
[]\T1/pcr/m/n/10 ## Warning in tune(X, y = as.numeric(y) - 1, learningsets =
 []


Overfull \hbox (57.0pt too wide) in paragraph at lines 657--658
\T1/pcr/m/n/10 learningsets, genesel = genesel, : Combination of feature select
ion
 []


Overfull \hbox (15.0pt too wide) in paragraph at lines 657--658
\T1/pcr/m/n/10 ##                is subject to pessimistic bias and will be
 []


Overfull \hbox (9.0pt too wide) in paragraph at lines 659--660
[]\T1/pcr/m/n/10 ## Warning in tune(X, y = as.numeric(y) - 1, learningsets =
 []


Overfull \hbox (57.0pt too wide) in paragraph at lines 659--660
\T1/pcr/m/n/10 learningsets, genesel = genesel, : Combination of feature select
ion
 []


Overfull \hbox (15.0pt too wide) in paragraph at lines 659--660
\T1/pcr/m/n/10 ##                is subject to pessimistic bias and will be
 []


Overfull \hbox (9.0pt too wide) in paragraph at lines 661--662
[]\T1/pcr/m/n/10 ## Warning in tune(X, y = as.numeric(y) - 1, learningsets =
 []


Overfull \hbox (57.0pt too wide) in paragraph at lines 661--662
\T1/pcr/m/n/10 learningsets, genesel = genesel, : Combination of feature select
ion
 []


Overfull \hbox (15.0pt too wide) in paragraph at lines 661--662
\T1/pcr/m/n/10 ##                is subject to pessimistic bias and will be
 []


Overfull \hbox (9.0pt too wide) in paragraph at lines 663--664
[]\T1/pcr/m/n/10 ## Warning in tune(X, y = as.numeric(y) - 1, learningsets =
 []


Overfull \hbox (57.0pt too wide) in paragraph at lines 663--664
\T1/pcr/m/n/10 learningsets, genesel = genesel, : Combination of feature select
ion
 []


Overfull \hbox (15.0pt too wide) in paragraph at lines 663--664
\T1/pcr/m/n/10 ##                is subject to pessimistic bias and will be
 []


Overfull \hbox (9.0pt too wide) in paragraph at lines 665--666
[]\T1/pcr/m/n/10 ## Warning in tune(X, y = as.numeric(y) - 1, learningsets =
 []


Overfull \hbox (57.0pt too wide) in paragraph at lines 665--666
\T1/pcr/m/n/10 learningsets, genesel = genesel, : Combination of feature select
ion
 []


Overfull \hbox (15.0pt too wide) in paragraph at lines 665--666
\T1/pcr/m/n/10 ##                is subject to pessimistic bias and will be
 []


Overfull \hbox (9.0pt too wide) in paragraph at lines 667--668
[]\T1/pcr/m/n/10 ## Warning in tune(X, y = as.numeric(y) - 1, learningsets =
 []


Overfull \hbox (57.0pt too wide) in paragraph at lines 667--668
\T1/pcr/m/n/10 learningsets, genesel = genesel, : Combination of feature select
ion
 []


Overfull \hbox (15.0pt too wide) in paragraph at lines 667--668
\T1/pcr/m/n/10 ##                is subject to pessimistic bias and will be
 []


Overfull \hbox (9.0pt too wide) in paragraph at lines 669--670
[]\T1/pcr/m/n/10 ## Warning in tune(X, y = as.numeric(y) - 1, learningsets =
 []


Overfull \hbox (57.0pt too wide) in paragraph at lines 669--670
\T1/pcr/m/n/10 learningsets, genesel = genesel, : Combination of feature select
ion
 []


Overfull \hbox (15.0pt too wide) in paragraph at lines 669--670
\T1/pcr/m/n/10 ##                is subject to pessimistic bias and will be
 []


Overfull \hbox (9.0pt too wide) in paragraph at lines 671--672
[]\T1/pcr/m/n/10 ## Warning in tune(X, y = as.numeric(y) - 1, learningsets =
 []


Overfull \hbox (57.0pt too wide) in paragraph at lines 671--672
\T1/pcr/m/n/10 learningsets, genesel = genesel, : Combination of feature select
ion
 []


Overfull \hbox (15.0pt too wide) in paragraph at lines 671--672
\T1/pcr/m/n/10 ##                is subject to pessimistic bias and will be
 []


Overfull \hbox (9.0pt too wide) in paragraph at lines 673--674
[]\T1/pcr/m/n/10 ## Warning in tune(X, y = as.numeric(y) - 1, learningsets =
 []


Overfull \hbox (57.0pt too wide) in paragraph at lines 673--674
\T1/pcr/m/n/10 learningsets, genesel = genesel, : Combination of feature select
ion
 []


Overfull \hbox (15.0pt too wide) in paragraph at lines 673--674
\T1/pcr/m/n/10 ##                is subject to pessimistic bias and will be
 []


Overfull \hbox (9.0pt too wide) in paragraph at lines 675--676
[]\T1/pcr/m/n/10 ## Warning in tune(X, y = as.numeric(y) - 1, learningsets =
 []


Overfull \hbox (57.0pt too wide) in paragraph at lines 675--676
\T1/pcr/m/n/10 learningsets, genesel = genesel, : Combination of feature select
ion
 []


Overfull \hbox (15.0pt too wide) in paragraph at lines 675--676
\T1/pcr/m/n/10 ##                is subject to pessimistic bias and will be
 []


Overfull \hbox (9.0pt too wide) in paragraph at lines 677--678
[]\T1/pcr/m/n/10 ## Warning in tune(X, y = as.numeric(y) - 1, learningsets =
 []


Overfull \hbox (57.0pt too wide) in paragraph at lines 677--678
\T1/pcr/m/n/10 learningsets, genesel = genesel, : Combination of feature select
ion
 []


Overfull \hbox (15.0pt too wide) in paragraph at lines 677--678
\T1/pcr/m/n/10 ##                is subject to pessimistic bias and will be
 []


Overfull \hbox (9.0pt too wide) in paragraph at lines 679--680
[]\T1/pcr/m/n/10 ## Warning in tune(X, y = as.numeric(y) - 1, learningsets =
 []


Overfull \hbox (57.0pt too wide) in paragraph at lines 679--680
\T1/pcr/m/n/10 learningsets, genesel = genesel, : Combination of feature select
ion
 []


Overfull \hbox (15.0pt too wide) in paragraph at lines 679--680
\T1/pcr/m/n/10 ##                is subject to pessimistic bias and will be
 []


Overfull \hbox (9.0pt too wide) in paragraph at lines 681--682
[]\T1/pcr/m/n/10 ## Warning in tune(X, y = as.numeric(y) - 1, learningsets =
 []


Overfull \hbox (57.0pt too wide) in paragraph at lines 681--682
\T1/pcr/m/n/10 learningsets, genesel = genesel, : Combination of feature select
ion
 []


Overfull \hbox (15.0pt too wide) in paragraph at lines 681--682
\T1/pcr/m/n/10 ##                is subject to pessimistic bias and will be
 []


Overfull \hbox (9.0pt too wide) in paragraph at lines 683--684
[]\T1/pcr/m/n/10 ## Warning in tune(X, y = as.numeric(y) - 1, learningsets =
 []


Overfull \hbox (57.0pt too wide) in paragraph at lines 683--684
\T1/pcr/m/n/10 learningsets, genesel = genesel, : Combination of feature select
ion
 []


Overfull \hbox (15.0pt too wide) in paragraph at lines 683--684
\T1/pcr/m/n/10 ##                is subject to pessimistic bias and will be
 []


Overfull \hbox (9.0pt too wide) in paragraph at lines 685--686
[]\T1/pcr/m/n/10 ## Warning in tune(X, y = as.numeric(y) - 1, learningsets =
 []


Overfull \hbox (57.0pt too wide) in paragraph at lines 685--686
\T1/pcr/m/n/10 learningsets, genesel = genesel, : Combination of feature select
ion
 []


Overfull \hbox (15.0pt too wide) in paragraph at lines 685--686
\T1/pcr/m/n/10 ##                is subject to pessimistic bias and will be
 []


Overfull \hbox (9.0pt too wide) in paragraph at lines 687--688
[]\T1/pcr/m/n/10 ## Warning in tune(X, y = as.numeric(y) - 1, learningsets =
 []


Overfull \hbox (57.0pt too wide) in paragraph at lines 687--688
\T1/pcr/m/n/10 learningsets, genesel = genesel, : Combination of feature select
ion
 []


Overfull \hbox (15.0pt too wide) in paragraph at lines 687--688
\T1/pcr/m/n/10 ##                is subject to pessimistic bias and will be
 []


Overfull \hbox (9.0pt too wide) in paragraph at lines 689--690
[]\T1/pcr/m/n/10 ## Warning in tune(X, y = as.numeric(y) - 1, learningsets =
 []


Overfull \hbox (57.0pt too wide) in paragraph at lines 689--690
\T1/pcr/m/n/10 learningsets, genesel = genesel, : Combination of feature select
ion
 []


Overfull \hbox (15.0pt too wide) in paragraph at lines 689--690
\T1/pcr/m/n/10 ##                is subject to pessimistic bias and will be
 []


Overfull \hbox (9.0pt too wide) in paragraph at lines 691--692
[]\T1/pcr/m/n/10 ## Warning in tune(X, y = as.numeric(y) - 1, learningsets =
 []


Overfull \hbox (57.0pt too wide) in paragraph at lines 691--692
\T1/pcr/m/n/10 learningsets, genesel = genesel, : Combination of feature select
ion
 []


Overfull \hbox (15.0pt too wide) in paragraph at lines 691--692
\T1/pcr/m/n/10 ##                is subject to pessimistic bias and will be
 []


Overfull \hbox (9.0pt too wide) in paragraph at lines 693--694
[]\T1/pcr/m/n/10 ## Warning in tune(X, y = as.numeric(y) - 1, learningsets =
 []


Overfull \hbox (57.0pt too wide) in paragraph at lines 693--694
\T1/pcr/m/n/10 learningsets, genesel = genesel, : Combination of feature select
ion
 []


Overfull \hbox (15.0pt too wide) in paragraph at lines 693--694
\T1/pcr/m/n/10 ##                is subject to pessimistic bias and will be
 []


Overfull \hbox (9.0pt too wide) in paragraph at lines 695--696
[]\T1/pcr/m/n/10 ## Warning in tune(X, y = as.numeric(y) - 1, learningsets =
 []


Overfull \hbox (57.0pt too wide) in paragraph at lines 695--696
\T1/pcr/m/n/10 learningsets, genesel = genesel, : Combination of feature select
ion
 []


Overfull \hbox (15.0pt too wide) in paragraph at lines 695--696
\T1/pcr/m/n/10 ##                is subject to pessimistic bias and will be
 []


Overfull \hbox (9.0pt too wide) in paragraph at lines 697--698
[]\T1/pcr/m/n/10 ## Warning in tune(X, y = as.numeric(y) - 1, learningsets =
 []


Overfull \hbox (57.0pt too wide) in paragraph at lines 697--698
\T1/pcr/m/n/10 learningsets, genesel = genesel, : Combination of feature select
ion
 []


Overfull \hbox (15.0pt too wide) in paragraph at lines 697--698
\T1/pcr/m/n/10 ##                is subject to pessimistic bias and will be
 []


Overfull \hbox (9.0pt too wide) in paragraph at lines 699--700
[]\T1/pcr/m/n/10 ## Warning in tune(X, y = as.numeric(y) - 1, learningsets =
 []


Overfull \hbox (57.0pt too wide) in paragraph at lines 699--700
\T1/pcr/m/n/10 learningsets, genesel = genesel, : Combination of feature select
ion
 []


Overfull \hbox (15.0pt too wide) in paragraph at lines 699--700
\T1/pcr/m/n/10 ##                is subject to pessimistic bias and will be
 []


Overfull \hbox (9.0pt too wide) in paragraph at lines 701--702
[]\T1/pcr/m/n/10 ## Warning in tune(X, y = as.numeric(y) - 1, learningsets =
 []


Overfull \hbox (57.0pt too wide) in paragraph at lines 701--702
\T1/pcr/m/n/10 learningsets, genesel = genesel, : Combination of feature select
ion
 []


Overfull \hbox (15.0pt too wide) in paragraph at lines 701--702
\T1/pcr/m/n/10 ##                is subject to pessimistic bias and will be
 []


Overfull \hbox (9.0pt too wide) in paragraph at lines 703--704
[]\T1/pcr/m/n/10 ## Warning in tune(X, y = as.numeric(y) - 1, learningsets =
 []


Overfull \hbox (57.0pt too wide) in paragraph at lines 703--704
\T1/pcr/m/n/10 learningsets, genesel = genesel, : Combination of feature select
ion
 []


Overfull \hbox (15.0pt too wide) in paragraph at lines 703--704
\T1/pcr/m/n/10 ##                is subject to pessimistic bias and will be
 []


Overfull \hbox (9.0pt too wide) in paragraph at lines 705--706
[]\T1/pcr/m/n/10 ## Warning in tune(X, y = as.numeric(y) - 1, learningsets =
 []


Overfull \hbox (57.0pt too wide) in paragraph at lines 705--706
\T1/pcr/m/n/10 learningsets, genesel = genesel, : Combination of feature select
ion
 []


Overfull \hbox (15.0pt too wide) in paragraph at lines 705--706
\T1/pcr/m/n/10 ##                is subject to pessimistic bias and will be
 []


Overfull \hbox (9.0pt too wide) in paragraph at lines 707--708
[]\T1/pcr/m/n/10 ## Warning in tune(X, y = as.numeric(y) - 1, learningsets =
 []


Overfull \hbox (57.0pt too wide) in paragraph at lines 707--708
\T1/pcr/m/n/10 learningsets, genesel = genesel, : Combination of feature select
ion
 []


Overfull \hbox (15.0pt too wide) in paragraph at lines 707--708
\T1/pcr/m/n/10 ##                is subject to pessimistic bias and will be
 []


Overfull \hbox (9.0pt too wide) in paragraph at lines 709--710
[]\T1/pcr/m/n/10 ## Warning in tune(X, y = as.numeric(y) - 1, learningsets =
 []


Overfull \hbox (57.0pt too wide) in paragraph at lines 709--710
\T1/pcr/m/n/10 learningsets, genesel = genesel, : Combination of feature select
ion
 []


Overfull \hbox (15.0pt too wide) in paragraph at lines 709--710
\T1/pcr/m/n/10 ##                is subject to pessimistic bias and will be
 []


Overfull \hbox (9.0pt too wide) in paragraph at lines 711--712
[]\T1/pcr/m/n/10 ## Warning in tune(X, y = as.numeric(y) - 1, learningsets =
 []


Overfull \hbox (57.0pt too wide) in paragraph at lines 711--712
\T1/pcr/m/n/10 learningsets, genesel = genesel, : Combination of feature select
ion
 []


Overfull \hbox (15.0pt too wide) in paragraph at lines 711--712
\T1/pcr/m/n/10 ##                is subject to pessimistic bias and will be
 []


Overfull \hbox (9.0pt too wide) in paragraph at lines 713--714
[]\T1/pcr/m/n/10 ## Warning in tune(X, y = as.numeric(y) - 1, learningsets =
 []


Overfull \hbox (57.0pt too wide) in paragraph at lines 713--714
\T1/pcr/m/n/10 learningsets, genesel = genesel, : Combination of feature select
ion
 []


Overfull \hbox (15.0pt too wide) in paragraph at lines 713--714
\T1/pcr/m/n/10 ##                is subject to pessimistic bias and will be
 []


Overfull \hbox (9.0pt too wide) in paragraph at lines 715--716
[]\T1/pcr/m/n/10 ## Warning in tune(X, y = as.numeric(y) - 1, learningsets =
 []


Overfull \hbox (57.0pt too wide) in paragraph at lines 715--716
\T1/pcr/m/n/10 learningsets, genesel = genesel, : Combination of feature select
ion
 []


Overfull \hbox (15.0pt too wide) in paragraph at lines 715--716
\T1/pcr/m/n/10 ##                is subject to pessimistic bias and will be
 []


Overfull \hbox (9.0pt too wide) in paragraph at lines 717--718
[]\T1/pcr/m/n/10 ## Warning in tune(X, y = as.numeric(y) - 1, learningsets =
 []


Overfull \hbox (57.0pt too wide) in paragraph at lines 717--718
\T1/pcr/m/n/10 learningsets, genesel = genesel, : Combination of feature select
ion
 []


Overfull \hbox (15.0pt too wide) in paragraph at lines 717--718
\T1/pcr/m/n/10 ##                is subject to pessimistic bias and will be
 []


Overfull \hbox (9.0pt too wide) in paragraph at lines 719--720
[]\T1/pcr/m/n/10 ## Warning in tune(X, y = as.numeric(y) - 1, learningsets =
 []


Overfull \hbox (57.0pt too wide) in paragraph at lines 719--720
\T1/pcr/m/n/10 learningsets, genesel = genesel, : Combination of feature select
ion
 []


Overfull \hbox (15.0pt too wide) in paragraph at lines 719--720
\T1/pcr/m/n/10 ##                is subject to pessimistic bias and will be
 []


Overfull \hbox (9.0pt too wide) in paragraph at lines 721--722
[]\T1/pcr/m/n/10 ## Warning in tune(X, y = as.numeric(y) - 1, learningsets =
 []


Overfull \hbox (57.0pt too wide) in paragraph at lines 721--722
\T1/pcr/m/n/10 learningsets, genesel = genesel, : Combination of feature select
ion
 []


Overfull \hbox (15.0pt too wide) in paragraph at lines 721--722
\T1/pcr/m/n/10 ##                is subject to pessimistic bias and will be
 []


Overfull \hbox (9.0pt too wide) in paragraph at lines 723--724
[]\T1/pcr/m/n/10 ## Warning in tune(X, y = as.numeric(y) - 1, learningsets =
 []


Overfull \hbox (57.0pt too wide) in paragraph at lines 723--724
\T1/pcr/m/n/10 learningsets, genesel = genesel, : Combination of feature select
ion
 []


Overfull \hbox (15.0pt too wide) in paragraph at lines 723--724
\T1/pcr/m/n/10 ##                is subject to pessimistic bias and will be
 []


Overfull \hbox (9.0pt too wide) in paragraph at lines 725--725
[]\T1/pcr/m/n/10 ## Warning in tune(X, y = as.numeric(y) - 1, learningsets =
 []


Overfull \hbox (57.0pt too wide) in paragraph at lines 725--725
\T1/pcr/m/n/10 learningsets, genesel = genesel, : Combination of feature select
ion
 []


Overfull \hbox (15.0pt too wide) in paragraph at lines 725--725
\T1/pcr/m/n/10 ##                is subject to pessimistic bias and will be
 []


Overfull \hbox (39.0pt too wide) in paragraph at lines 728--728
[][]\T1/pcr/m/n/10 classifsFileName[] []<-[] []\T1/pcr/b/n/10 paste[][]\T1/pcr/
m/n/10 ([][]"classifs"[][],numIter,[][]"iter.Rda"[][],[] []sep[][]=[][]""[][])[
][] 
 []


Overfull \hbox (9.0pt too wide) in paragraph at lines 729--729
[][]\T1/pcr/b/n/10 save[][]\T1/pcr/m/n/10 (classifs,[] []file[][]=[][]\T1/pcr/b
/n/10 file.path[][]\T1/pcr/m/n/10 (resultsDir,classifsFileName))[][] 
 []

[13]
Overfull \vbox (1.20483pt too high) detected at line 731
 []

[14] [15] [16] [17] [18]
Package color Info: Redefining color shadecolor on input line 741.

Overfull \hbox (69.0pt too wide) in paragraph at lines 743--743
[][]\T1/pcr/m/n/10 compMeasures[] []<-[]  []\T1/pcr/b/n/10 c[][]\T1/pcr/m/n/10 
([][]"misclassification"[][],[] []"sensitivity"[][],[] []"specificity"[][])[][]
 
 []


Overfull \hbox (69.0pt too wide) in paragraph at lines 752--752
[][]\T1/pcr/m/n/10 compClassifs[] []<-[] []\T1/pcr/b/n/10 compare[][]\T1/pcr/m/
n/10 (classifs,[]  []measure[] []= compMeasures,[] []plot[][]=[][]TRUE[][])[][]
 
 []

<images/graficclassify1Eval-1.pdf, id=67, 505.89pt x 505.89pt>
File: images/graficclassify1Eval-1.pdf Graphic file (type pdf)
<use images/graficclassify1Eval-1.pdf>
Package pdftex.def Info: images/graficclassify1Eval-1.pdf  used on input line 7
55.
(pdftex.def)             Requested size: 345.0pt x 345.00414pt.

Overfull \hbox (15.0pt too wide) in paragraph at lines 755--756
[][] 
 []

[19]
<images/graficclassify1Eval-2.pdf, id=72, 505.89pt x 505.89pt>
File: images/graficclassify1Eval-2.pdf Graphic file (type pdf)
<use images/graficclassify1Eval-2.pdf>
Package pdftex.def Info: images/graficclassify1Eval-2.pdf  used on input line 7
57.
(pdftex.def)             Requested size: 345.0pt x 345.00414pt.

Overfull \hbox (15.0pt too wide) in paragraph at lines 757--758
[][] 
 []

[20 <./images/graficclassify1Eval-1.pdf>]
<images/graficclassify1Eval-3.pdf, id=82, 505.89pt x 505.89pt>
File: images/graficclassify1Eval-3.pdf Graphic file (type pdf)
<use images/graficclassify1Eval-3.pdf>
Package pdftex.def Info: images/graficclassify1Eval-3.pdf  used on input line 7
59.
(pdftex.def)             Requested size: 345.0pt x 345.00414pt.

Overfull \hbox (15.0pt too wide) in paragraph at lines 759--760
[][] 
 []

[21 <./images/graficclassify1Eval-2.pdf>]
Overfull \hbox (51.0pt too wide) in paragraph at lines 762--762
[]                             []\T1/pcr/m/n/10 numGenes[][]=s3,[] []Classif[][
]=s4,compClassifs)[][] 
 []


Overfull \hbox (21.0pt too wide) in paragraph at lines 766--766
[]\T1/pcr/m/n/10 ## Warning in data.frame(CrossVal = s1, VarSel = s2, numGenes
 []


Overfull \hbox (39.0pt too wide) in paragraph at lines 766--766
\T1/pcr/m/n/10 = s3, Classif = s4, : row names were found from a short variable

 []


Overfull \hbox (3.0pt too wide) in paragraph at lines 770--770
[]                                []\T1/pcr/m/n/10 numIter,[] []"csv"[][],[] []
sep[][]=[][]"."[][])))[][] 
 []

(./basicPredictorBuilding.bbl [22 <./images/graficclassify1Eval-3.pdf>])
[23] (./basicPredictorBuilding.aux
LaTeX Info: Redefining \. on input line 10.
LaTeX Info: Redefining \% on input line 10.
) ) 
Here is how much of TeX's memory you used:
 4747 strings out of 492982
 61597 string characters out of 6134895
 153073 words of memory out of 5000000
 8159 multiletter control sequences out of 15000+600000
 47877 words of font info for 73 fonts, out of 8000000 for 9000
 1141 hyphenation exceptions out of 8191
 41i,8n,30p,684b,359s stack positions out of 5000i,500n,10000p,200000b,80000s
{/usr/share/texlive/texmf-dist/fonts/enc/dvips/base/8r.enc}</usr/share/texli
ve/texmf-dist/fonts/type1/urw/courier/ucrb8a.pfb></usr/share/texlive/texmf-dist
/fonts/type1/urw/courier/ucrr8a.pfb></usr/share/texlive/texmf-dist/fonts/type1/
urw/courier/ucrro8a.pfb></usr/share/texlive/texmf-dist/fonts/type1/urw/times/ut
mb8a.pfb></usr/share/texlive/texmf-dist/fonts/type1/urw/times/utmr8a.pfb></usr/
share/texlive/texmf-dist/fonts/type1/urw/times/utmri8a.pfb>
Output written on basicPredictorBuilding.pdf (23 pages, 189071 bytes).
PDF statistics:
 126 PDF objects out of 1000 (max. 8388607)
 86 compressed objects within 1 object stream
 0 named destinations out of 1000 (max. 500000)
 26 words of extra memory for PDF output out of 10000 (max. 10000000)

